MISMATCH at Anchor TR: #4 | RU: #4
  TR lines: 1
  RU lines: 3
----------------------------------------
MISMATCH at Anchor TR: &LEM'ALAR> | RU: #5
  TR lines: 2
  RU lines: 5
----------------------------------------
MISMATCH at Anchor TR: #5 | RU: #6
  TR lines: 3
  RU lines: 5
----------------------------------------
MISMATCH at Anchor TR: &Birinci Lem'a> | RU: #7
  TR lines: 2
  RU lines: 11
----------------------------------------
MISMATCH at Anchor TR: #6 | RU: #8
  TR lines: 8
  RU lines: 7
----------------------------------------
MISMATCH at Anchor TR: #7 | RU: #9
  TR lines: 15
  RU lines: 11
----------------------------------------
MISMATCH at Anchor TR: #8 | RU: #10
  TR lines: 6
  RU lines: 4
----------------------------------------
MISMATCH at Anchor TR: #9 | RU: #11
  TR lines: 0
  RU lines: 9
----------------------------------------
MISMATCH at Anchor TR: &İkinci Lem'a> | RU: #12
  TR lines: 8
  RU lines: 5
----------------------------------------
MISMATCH at Anchor TR: #10 | RU: #13
  TR lines: 6
  RU lines: 4
----------------------------------------
MISMATCH at Anchor TR: #11 | RU: #14
  TR lines: 10
  RU lines: 4
----------------------------------------
MISMATCH at Anchor TR: #12 | RU: #15
  TR lines: 10
  RU lines: 4
----------------------------------------
MISMATCH at Anchor TR: #13 | RU: #16
  TR lines: 6
  RU lines: 10
----------------------------------------
MISMATCH at Anchor TR: #14 | RU: #17
  TR lines: 8
  RU lines: 3
----------------------------------------
MISMATCH at Anchor TR: #15 | RU: #18
  TR lines: 10
  RU lines: 14
----------------------------------------
MISMATCH at Anchor TR: #16 | RU: #19
  TR lines: 4
  RU lines: 13
----------------------------------------
MISMATCH at Anchor TR: #17 | RU: #20
  TR lines: 0
  RU lines: 4
----------------------------------------
MISMATCH at Anchor TR: #18 | RU: #22
  TR lines: 13
  RU lines: 7
----------------------------------------
MISMATCH at Anchor TR: #19 | RU: #23
  TR lines: 9
  RU lines: 11
----------------------------------------
MISMATCH at Anchor TR: #20 | RU: #24
  TR lines: 11
  RU lines: 8
----------------------------------------
MISMATCH at Anchor TR: #21 | RU: #25
  TR lines: 6
  RU lines: 13
----------------------------------------
MISMATCH at Anchor TR: #22 | RU: #26
  TR lines: 19
  RU lines: 7
----------------------------------------
MISMATCH at Anchor TR: #23 | RU: #27
  TR lines: 0
  RU lines: 10
----------------------------------------
MISMATCH at Anchor TR: &Dördüncü Lem'a> | RU: #28
  TR lines: 5
  RU lines: 8
----------------------------------------
MISMATCH at Anchor TR: ∑BİRİNCİ MAKAM> | RU: #29
  TR lines: 3
  RU lines: 7
----------------------------------------
MISMATCH at Anchor TR: #25 | RU: #31
  TR lines: 10
  RU lines: 7
----------------------------------------
MISMATCH at Anchor TR: #26 | RU: #32
  TR lines: 8
  RU lines: 7
----------------------------------------
MISMATCH at Anchor TR: #27 | RU: #33
  TR lines: 8
  RU lines: 6
----------------------------------------
MISMATCH at Anchor TR: #28 | RU: #34
  TR lines: 7
  RU lines: 4
----------------------------------------
MISMATCH at Anchor TR: #29 | RU: #35
  TR lines: 8
  RU lines: 9
----------------------------------------
MISMATCH at Anchor TR: #30 | RU: #36
  TR lines: 5
  RU lines: 13
----------------------------------------
MISMATCH at Anchor TR: #31 | RU: #37
  TR lines: 6
  RU lines: 7
----------------------------------------
MISMATCH at Anchor TR: #32 | RU: #38
  TR lines: 2
  RU lines: 10
----------------------------------------
MISMATCH at Anchor TR: ∑İKİNCİ MAKAM> | RU: #39
  TR lines: 4
  RU lines: 9
----------------------------------------
MISMATCH at Anchor TR: #33 | RU: #40
  TR lines: 0
  RU lines: 14
----------------------------------------
MISMATCH at Anchor TR: &Beşinci Lem'a> | RU: #41
  TR lines: 5
  RU lines: 13
----------------------------------------
MISMATCH at Anchor TR: &Altıncı Lem'a> | RU: #42
  TR lines: 5
  RU lines: 9
----------------------------------------
MISMATCH at Anchor TR: #34 | RU: #43
  TR lines: 0
  RU lines: 7
----------------------------------------
MISMATCH at Anchor TR: #35 | RU: #45
  TR lines: 11
  RU lines: 13
----------------------------------------
MISMATCH at Anchor TR: #36 | RU: #46
  TR lines: 10
  RU lines: 15
----------------------------------------
MISMATCH at Anchor TR: #37 | RU: #47
  TR lines: 14
  RU lines: 12
----------------------------------------
MISMATCH at Anchor TR: #38 | RU: #48
  TR lines: 15
  RU lines: 13
----------------------------------------
MISMATCH at Anchor TR: #39 | RU: #49
  TR lines: 10
  RU lines: 15
----------------------------------------
MISMATCH at Anchor TR: #40 | RU: #50
  TR lines: 9
  RU lines: 16
----------------------------------------
MISMATCH at Anchor TR: #41 | RU: #51
  TR lines: 17
  RU lines: 11
----------------------------------------
MISMATCH at Anchor TR: #42 | RU: #52
  TR lines: 12
  RU lines: 6
----------------------------------------
MISMATCH at Anchor TR: #43 | RU: #53
  TR lines: 17
  RU lines: 7
----------------------------------------
MISMATCH at Anchor TR: #45 | RU: #56
  TR lines: 21
  RU lines: 5
----------------------------------------
MISMATCH at Anchor TR: #46 | RU: #57
  TR lines: 0
  RU lines: 7
----------------------------------------
MISMATCH at Anchor TR: &Sekizinci Lem'a> | RU: #58
  TR lines: 2
  RU lines: 7
----------------------------------------
MISMATCH at Anchor TR: &Dokuzuncu Lem'a> | RU: #59
  TR lines: 2
  RU lines: 8
----------------------------------------
MISMATCH at Anchor TR: #47 | RU: #60
  TR lines: 0
  RU lines: 4
----------------------------------------
MISMATCH at Anchor TR: &Onuncu Lem'a> | RU: #61
  TR lines: 0
  RU lines: 10
----------------------------------------
MISMATCH at Anchor TR: ∑Şefkat Tokatları Risalesi> | RU: #62
  TR lines: 9
  RU lines: 4
----------------------------------------
MISMATCH at Anchor TR: #48 | RU: #63
  TR lines: 6
  RU lines: 15
----------------------------------------
MISMATCH at Anchor TR: #49 | RU: #64
  TR lines: 6
  RU lines: 8
----------------------------------------
MISMATCH at Anchor TR: #50 | RU: #65
  TR lines: 7
  RU lines: 10
----------------------------------------
MISMATCH at Anchor TR: #51 | RU: #66
  TR lines: 4
  RU lines: 7
----------------------------------------
MISMATCH at Anchor TR: #53 | RU: #68
  TR lines: 5
  RU lines: 9
----------------------------------------
MISMATCH at Anchor TR: #54 | RU: #69
  TR lines: 8
  RU lines: 10
----------------------------------------
MISMATCH at Anchor TR: #55 | RU: #70
  TR lines: 7
  RU lines: 6
----------------------------------------
MISMATCH at Anchor TR: #56 | RU: #71
  TR lines: 10
  RU lines: 7
----------------------------------------
MISMATCH at Anchor TR: #57 | RU: #72
  TR lines: 0
  RU lines: 8
----------------------------------------
MISMATCH at Anchor TR: &On Birinci Lem'a> | RU: #73
  TR lines: 0
  RU lines: 13
----------------------------------------
MISMATCH at Anchor TR: ∑Mirkatü's-Sünneti ve Tiryaku Marazı'l-Bid'a> | RU: #74
  TR lines: 10
  RU lines: 4
----------------------------------------
MISMATCH at Anchor TR: #59 | RU: #76
  TR lines: 12
  RU lines: 8
----------------------------------------
MISMATCH at Anchor TR: #61 | RU: #78
  TR lines: 10
  RU lines: 8
----------------------------------------
MISMATCH at Anchor TR: #62 | RU: #79
  TR lines: 10
  RU lines: 16
----------------------------------------
MISMATCH at Anchor TR: #63 | RU: #80
  TR lines: 12
  RU lines: 4
----------------------------------------
MISMATCH at Anchor TR: #64 | RU: #81
  TR lines: 11
  RU lines: 6
----------------------------------------
MISMATCH at Anchor TR: #65 | RU: #82
  TR lines: 9
  RU lines: 8
----------------------------------------
MISMATCH at Anchor TR: #66 | RU: #83
  TR lines: 9
  RU lines: 10
----------------------------------------
MISMATCH at Anchor TR: #67 | RU: #84
  TR lines: 5
  RU lines: 7
----------------------------------------
MISMATCH at Anchor TR: #69 | RU: #86
  TR lines: 11
  RU lines: 6
----------------------------------------
MISMATCH at Anchor TR: #70 | RU: #87
  TR lines: 9
  RU lines: 12
----------------------------------------
MISMATCH at Anchor TR: #71 | RU: #88
  TR lines: 7
  RU lines: 5
----------------------------------------
MISMATCH at Anchor TR: #72 | RU: #89
  TR lines: 0
  RU lines: 6
----------------------------------------
MISMATCH at Anchor TR: &On İkinci Lem'a> | RU: #90
  TR lines: 8
  RU lines: 12
----------------------------------------
MISMATCH at Anchor TR: #74 | RU: #92
  TR lines: 7
  RU lines: 5
----------------------------------------
MISMATCH at Anchor TR: #75 | RU: #93
  TR lines: 12
  RU lines: 6
----------------------------------------
MISMATCH at Anchor TR: #76 | RU: #94
  TR lines: 8
  RU lines: 5
----------------------------------------
MISMATCH at Anchor TR: #77 | RU: #95
  TR lines: 9
  RU lines: 6
----------------------------------------
MISMATCH at Anchor TR: #78 | RU: #96
  TR lines: 9
  RU lines: 12
----------------------------------------
MISMATCH at Anchor TR: #79 | RU: #97
  TR lines: 9
  RU lines: 8
----------------------------------------
MISMATCH at Anchor TR: #80 | RU: #98
  TR lines: 12
  RU lines: 6
----------------------------------------
MISMATCH at Anchor TR: #81 | RU: #99
  TR lines: 7
  RU lines: 4
----------------------------------------
MISMATCH at Anchor TR: #82 | RU: #100
  TR lines: 0
  RU lines: 5
----------------------------------------
MISMATCH at Anchor TR: #83 | RU: #102
  TR lines: 8
  RU lines: 6
----------------------------------------
MISMATCH at Anchor TR: #84 | RU: #103
  TR lines: 7
  RU lines: 4
----------------------------------------
MISMATCH at Anchor TR: #85 | RU: #104
  TR lines: 7
  RU lines: 6
----------------------------------------
MISMATCH at Anchor TR: #86 | RU: #105
  TR lines: 8
  RU lines: 5
----------------------------------------
MISMATCH at Anchor TR: #87 | RU: #106
  TR lines: 11
  RU lines: 6
----------------------------------------
MISMATCH at Anchor TR: #88 | RU: #107
  TR lines: 11
  RU lines: 4
----------------------------------------
MISMATCH at Anchor TR: #89 | RU: #108
  TR lines: 8
  RU lines: 4
----------------------------------------
MISMATCH at Anchor TR: #90 | RU: #109
  TR lines: 10
  RU lines: 7
----------------------------------------
MISMATCH at Anchor TR: #91 | RU: #110
  TR lines: 7
  RU lines: 8
----------------------------------------
MISMATCH at Anchor TR: #92 | RU: #111
  TR lines: 11
  RU lines: 8
----------------------------------------
MISMATCH at Anchor TR: #93 | RU: #112
  TR lines: 6
  RU lines: 7
----------------------------------------
MISMATCH at Anchor TR: #94 | RU: #113
  TR lines: 8
  RU lines: 9
----------------------------------------
MISMATCH at Anchor TR: #96 | RU: #115
  TR lines: 6
  RU lines: 9
----------------------------------------
MISMATCH at Anchor TR: #97 | RU: #116
  TR lines: 7
  RU lines: 5
----------------------------------------
MISMATCH at Anchor TR: #98 | RU: #117
  TR lines: 8
  RU lines: 12
----------------------------------------
MISMATCH at Anchor TR: #99 | RU: #118
  TR lines: 9
  RU lines: 3
----------------------------------------
MISMATCH at Anchor TR: #100 | RU: #119
  TR lines: 10
  RU lines: 18
----------------------------------------
MISMATCH at Anchor TR: #101 | RU: #120
  TR lines: 11
  RU lines: 5
----------------------------------------
MISMATCH at Anchor TR: #102 | RU: #121
  TR lines: 9
  RU lines: 7
----------------------------------------
MISMATCH at Anchor TR: #104 | RU: #123
  TR lines: 7
  RU lines: 12
----------------------------------------
MISMATCH at Anchor TR: #105 | RU: #124
  TR lines: 12
  RU lines: 10
----------------------------------------
MISMATCH at Anchor TR: #106 | RU: #125
  TR lines: 0
  RU lines: 7
----------------------------------------
MISMATCH at Anchor TR: &On Dördüncü Lem'a> | RU: #126
  TR lines: 1
  RU lines: 14
----------------------------------------
MISMATCH at Anchor TR: ∑BİRİNCİ MAKAMI> | RU: #127
  TR lines: 6
  RU lines: 8
----------------------------------------
MISMATCH at Anchor TR: #107 | RU: #128
  TR lines: 12
  RU lines: 5
----------------------------------------
MISMATCH at Anchor TR: #108 | RU: #129
  TR lines: 9
  RU lines: 4
----------------------------------------
MISMATCH at Anchor TR: #109 | RU: #130
  TR lines: 14
  RU lines: 5
----------------------------------------
MISMATCH at Anchor TR: #110 | RU: #131
  TR lines: 16
  RU lines: 13
----------------------------------------
MISMATCH at Anchor TR: #111 | RU: #132
  TR lines: 9
  RU lines: 10
----------------------------------------
MISMATCH at Anchor TR: #112 | RU: #133
  TR lines: 6
  RU lines: 8
----------------------------------------
MISMATCH at Anchor TR: #113 | RU: #134
  TR lines: 0
  RU lines: 6
----------------------------------------
MISMATCH at Anchor TR: #115 | RU: #137
  TR lines: 7
  RU lines: 5
----------------------------------------
MISMATCH at Anchor TR: #117 | RU: #139
  TR lines: 11
  RU lines: 6
----------------------------------------
MISMATCH at Anchor TR: #118 | RU: #140
  TR lines: 8
  RU lines: 5
----------------------------------------
MISMATCH at Anchor TR: #119 | RU: #141
  TR lines: 12
  RU lines: 18
----------------------------------------
MISMATCH at Anchor TR: #120 | RU: #142
  TR lines: 6
  RU lines: 11
----------------------------------------
MISMATCH at Anchor TR: #121 | RU: #143
  TR lines: 5
  RU lines: 7
----------------------------------------
MISMATCH at Anchor TR: &On Beşinci Lem'a> | RU: #144
  TR lines: 2
  RU lines: 3
----------------------------------------
MISMATCH at Anchor TR: #122 | RU: #145
  TR lines: 0
  RU lines: 6
----------------------------------------
MISMATCH at Anchor TR: &On Altıncı Lem'a> | RU: #146
  TR lines: 6
  RU lines: 9
----------------------------------------
MISMATCH at Anchor TR: #123 | RU: #147
  TR lines: 6
  RU lines: 4
----------------------------------------
MISMATCH at Anchor TR: #124 | RU: #148
  TR lines: 6
  RU lines: 8
----------------------------------------
MISMATCH at Anchor TR: #125 | RU: #149
  TR lines: 5
  RU lines: 11
----------------------------------------
MISMATCH at Anchor TR: #126 | RU: #150
  TR lines: 0
  RU lines: 9
----------------------------------------
MISMATCH at Anchor TR: ∑HÂTİME> | RU: #151
  TR lines: 6
  RU lines: 8
----------------------------------------
MISMATCH at Anchor TR: #127 | RU: #152
  TR lines: 15
  RU lines: 7
----------------------------------------
MISMATCH at Anchor TR: #128 | RU: #153
  TR lines: 13
  RU lines: 6
----------------------------------------
MISMATCH at Anchor TR: #129 | RU: #154
  TR lines: 7
  RU lines: 4
----------------------------------------
MISMATCH at Anchor TR: #130 | RU: #155
  TR lines: 6
  RU lines: 5
----------------------------------------
MISMATCH at Anchor TR: #131 | RU: #156
  TR lines: 9
  RU lines: 5
----------------------------------------
MISMATCH at Anchor TR: #132 | RU: #157
  TR lines: 8
  RU lines: 5
----------------------------------------
MISMATCH at Anchor TR: #133 | RU: #158
  TR lines: 11
  RU lines: 6
----------------------------------------
MISMATCH at Anchor TR: #134 | RU: #159
  TR lines: 0
  RU lines: 5
----------------------------------------
MISMATCH at Anchor TR: &On Yedinci Lem'a> | RU: #160
  TR lines: 7
  RU lines: 8
----------------------------------------
MISMATCH at Anchor TR: #135 | RU: #161
  TR lines: 8
  RU lines: 4
----------------------------------------
MISMATCH at Anchor TR: #136 | RU: #162
  TR lines: 8
  RU lines: 6
----------------------------------------
MISMATCH at Anchor TR: #137 | RU: #163
  TR lines: 9
  RU lines: 5
----------------------------------------
MISMATCH at Anchor TR: #141 | RU: #167
  TR lines: 14
  RU lines: 6
----------------------------------------
MISMATCH at Anchor TR: #142 | RU: #168
  TR lines: 6
  RU lines: 4
----------------------------------------
MISMATCH at Anchor TR: #143 | RU: #169
  TR lines: 6
  RU lines: 14
----------------------------------------
MISMATCH at Anchor TR: #145 | RU: #171
  TR lines: 8
  RU lines: 7
----------------------------------------
MISMATCH at Anchor TR: #146 | RU: #172
  TR lines: 9
  RU lines: 7
----------------------------------------
MISMATCH at Anchor TR: #148 | RU: #174
  TR lines: 6
  RU lines: 8
----------------------------------------
MISMATCH at Anchor TR: #150 | RU: #176
  TR lines: 8
  RU lines: 6
----------------------------------------
MISMATCH at Anchor TR: #151 | RU: #177
  TR lines: 15
  RU lines: 8
----------------------------------------
MISMATCH at Anchor TR: #153 | RU: #179
  TR lines: 9
  RU lines: 4
----------------------------------------
MISMATCH at Anchor TR: #154 | RU: #180
  TR lines: 10
  RU lines: 4
----------------------------------------
MISMATCH at Anchor TR: #155 | RU: #181
  TR lines: 10
  RU lines: 5
----------------------------------------
MISMATCH at Anchor TR: #156 | RU: #182
  TR lines: 11
  RU lines: 3
----------------------------------------
MISMATCH at Anchor TR: #157 | RU: #183
  TR lines: 9
  RU lines: 5
----------------------------------------
MISMATCH at Anchor TR: #158 | RU: #184
  TR lines: 10
  RU lines: 9
----------------------------------------
MISMATCH at Anchor TR: #159 | RU: #185
  TR lines: 9
  RU lines: 5
----------------------------------------
MISMATCH at Anchor TR: #160 | RU: #186
  TR lines: 7
  RU lines: 9
----------------------------------------
MISMATCH at Anchor TR: #161 | RU: #187
  TR lines: 6
  RU lines: 10
----------------------------------------
MISMATCH at Anchor TR: #163 | RU: #189
  TR lines: 7
  RU lines: 6
----------------------------------------
MISMATCH at Anchor TR: #164 | RU: #190
  TR lines: 11
  RU lines: 8
----------------------------------------
MISMATCH at Anchor TR: #165 | RU: #191
  TR lines: 8
  RU lines: 10
----------------------------------------
MISMATCH at Anchor TR: #166 | RU: #192
  TR lines: 4
  RU lines: 10
----------------------------------------
MISMATCH at Anchor TR: &On Sekizinci Lem'a> | RU: #193
  TR lines: 2
  RU lines: 7
----------------------------------------
MISMATCH at Anchor TR: #167 | RU: #194
  TR lines: 0
  RU lines: 7
----------------------------------------
MISMATCH at Anchor TR: &On Dokuzuncu Lem'a> | RU: #195
  TR lines: 0
  RU lines: 11
----------------------------------------
MISMATCH at Anchor TR: #168 | RU: #197
  TR lines: 5
  RU lines: 7
----------------------------------------
MISMATCH at Anchor TR: #169 | RU: #198
  TR lines: 9
  RU lines: 16
----------------------------------------
MISMATCH at Anchor TR: #170 | RU: #199
  TR lines: 11
  RU lines: 2
----------------------------------------
MISMATCH at Anchor TR: #171 | RU: #200
  TR lines: 12
  RU lines: 10
----------------------------------------
MISMATCH at Anchor TR: #172 | RU: #201
  TR lines: 8
  RU lines: 6
----------------------------------------
MISMATCH at Anchor TR: #173 | RU: #202
  TR lines: 8
  RU lines: 10
----------------------------------------
MISMATCH at Anchor TR: #174 | RU: #203
  TR lines: 16
  RU lines: 8
----------------------------------------
MISMATCH at Anchor TR: #175 | RU: #204
  TR lines: 13
  RU lines: 12
----------------------------------------
MISMATCH at Anchor TR: #176 | RU: #205
  TR lines: 9
  RU lines: 4
----------------------------------------
MISMATCH at Anchor TR: #177 | RU: #206
  TR lines: 10
  RU lines: 6
----------------------------------------
MISMATCH at Anchor TR: #178 | RU: #207
  TR lines: 5
  RU lines: 12
----------------------------------------
MISMATCH at Anchor TR: #179 | RU: #208
  TR lines: 0
  RU lines: 18
----------------------------------------
MISMATCH at Anchor TR: &Yirminci Lem'a> | RU: #209
  TR lines: 0
  RU lines: 10
----------------------------------------
MISMATCH at Anchor TR: ∑İhlas hakkında> | RU: #210
  TR lines: 8
  RU lines: 6
----------------------------------------
MISMATCH at Anchor TR: #180 | RU: #211
  TR lines: 10
  RU lines: 5
----------------------------------------
MISMATCH at Anchor TR: #181 | RU: #212
  TR lines: 14
  RU lines: 4
----------------------------------------
MISMATCH at Anchor TR: #182 | RU: #213
  TR lines: 11
  RU lines: 5
----------------------------------------
MISMATCH at Anchor TR: #183 | RU: #214
  TR lines: 10
  RU lines: 6
----------------------------------------
MISMATCH at Anchor TR: #184 | RU: #215
  TR lines: 5
  RU lines: 20
----------------------------------------
MISMATCH at Anchor TR: #185 | RU: #216
  TR lines: 11
  RU lines: 9
----------------------------------------
MISMATCH at Anchor TR: #186 | RU: #217
  TR lines: 19
  RU lines: 6
----------------------------------------
MISMATCH at Anchor TR: #187 | RU: #218
  TR lines: 11
  RU lines: 7
----------------------------------------
MISMATCH at Anchor TR: #189 | RU: #220
  TR lines: 11
  RU lines: 7
----------------------------------------
MISMATCH at Anchor TR: #190 | RU: #221
  TR lines: 6
  RU lines: 8
----------------------------------------
MISMATCH at Anchor TR: #191 | RU: #222
  TR lines: 6
  RU lines: 4
----------------------------------------
MISMATCH at Anchor TR: #192 | RU: #223
  TR lines: 0
  RU lines: 4
----------------------------------------
MISMATCH at Anchor TR: &Yirmi Birinci Lem'a> | RU: #224
  TR lines: 0
  RU lines: 6
----------------------------------------
MISMATCH at Anchor TR: ∑İhlas hakkında> | RU: #225
  TR lines: 6
  RU lines: 7
----------------------------------------
MISMATCH at Anchor TR: #193 | RU: #226
  TR lines: 11
  RU lines: 18
----------------------------------------
MISMATCH at Anchor TR: #194 | RU: #227
  TR lines: 7
  RU lines: 3
----------------------------------------
MISMATCH at Anchor TR: #195 | RU: #228
  TR lines: 9
  RU lines: 12
----------------------------------------
MISMATCH at Anchor TR: #196 | RU: #229
  TR lines: 10
  RU lines: 5
----------------------------------------
MISMATCH at Anchor TR: #197 | RU: #230
  TR lines: 11
  RU lines: 5
----------------------------------------
MISMATCH at Anchor TR: #198 | RU: #231
  TR lines: 10
  RU lines: 5
----------------------------------------
MISMATCH at Anchor TR: #199 | RU: #232
  TR lines: 7
  RU lines: 12
----------------------------------------
MISMATCH at Anchor TR: #200 | RU: #233
  TR lines: 7
  RU lines: 8
----------------------------------------
MISMATCH at Anchor TR: #201 | RU: #234
  TR lines: 7
  RU lines: 5
----------------------------------------
MISMATCH at Anchor TR: #202 | RU: #235
  TR lines: 17
  RU lines: 4
----------------------------------------
MISMATCH at Anchor TR: #203 | RU: #236
  TR lines: 4
  RU lines: 6
----------------------------------------
MISMATCH at Anchor TR: #204 | RU: #237
  TR lines: 0
  RU lines: 9
----------------------------------------
MISMATCH at Anchor TR: &Yirmi İkinci Lem'a> | RU: #238
  TR lines: 3
  RU lines: 6
----------------------------------------
MISMATCH at Anchor TR: ∑İşarat-ı Selâse> | RU: #239
  TR lines: 1
  RU lines: 7
----------------------------------------
MISMATCH at Anchor TR: #205 | RU: #240
  TR lines: 9
  RU lines: 14
----------------------------------------
MISMATCH at Anchor TR: #206 | RU: #241
  TR lines: 6
  RU lines: 3
----------------------------------------
MISMATCH at Anchor TR: #208 | RU: #243
  TR lines: 13
  RU lines: 3
----------------------------------------
MISMATCH at Anchor TR: #209 | RU: #244
  TR lines: 6
  RU lines: 5
----------------------------------------
MISMATCH at Anchor TR: #210 | RU: #245
  TR lines: 9
  RU lines: 4
----------------------------------------
MISMATCH at Anchor TR: #211 | RU: #246
  TR lines: 7
  RU lines: 6
----------------------------------------
MISMATCH at Anchor TR: #212 | RU: #247
  TR lines: 8
  RU lines: 4
----------------------------------------
MISMATCH at Anchor TR: #213 | RU: #248
  TR lines: 5
  RU lines: 4
----------------------------------------
MISMATCH at Anchor TR: #214 | RU: #249
  TR lines: 0
  RU lines: 4
----------------------------------------
MISMATCH at Anchor TR: &Yirmi Üçüncü Lem'a> | RU: #250
  TR lines: 0
  RU lines: 3
----------------------------------------
MISMATCH at Anchor TR: #215 | RU: #252
  TR lines: 8
  RU lines: 5
----------------------------------------
MISMATCH at Anchor TR: #216 | RU: #253
  TR lines: 15
  RU lines: 4
----------------------------------------
MISMATCH at Anchor TR: #217 | RU: #254
  TR lines: 5
  RU lines: 4
----------------------------------------
MISMATCH at Anchor TR: #218 | RU: #255
  TR lines: 7
  RU lines: 4
----------------------------------------
MISMATCH at Anchor TR: #219 | RU: #256
  TR lines: 6
  RU lines: 3
----------------------------------------
MISMATCH at Anchor TR: #220 | RU: #257
  TR lines: 5
  RU lines: 6
----------------------------------------
MISMATCH at Anchor TR: #221 | RU: #258
  TR lines: 8
  RU lines: 2
----------------------------------------
MISMATCH at Anchor TR: #222 | RU: #259
  TR lines: 7
  RU lines: 4
----------------------------------------
MISMATCH at Anchor TR: #224 | RU: #261
  TR lines: 7
  RU lines: 5
----------------------------------------
MISMATCH at Anchor TR: #225 | RU: #262
  TR lines: 5
  RU lines: 8
----------------------------------------
MISMATCH at Anchor TR: #226 | RU: #263
  TR lines: 7
  RU lines: 6
----------------------------------------
MISMATCH at Anchor TR: #227 | RU: #264
  TR lines: 8
  RU lines: 7
----------------------------------------
MISMATCH at Anchor TR: #228 | RU: #265
  TR lines: 5
  RU lines: 6
----------------------------------------
MISMATCH at Anchor TR: #229 | RU: #266
  TR lines: 4
  RU lines: 11
----------------------------------------
MISMATCH at Anchor TR: #230 | RU: #267
  TR lines: 7
  RU lines: 4
----------------------------------------
MISMATCH at Anchor TR: #231 | RU: #268
  TR lines: 7
  RU lines: 6
----------------------------------------
MISMATCH at Anchor TR: #232 | RU: #269
  TR lines: 7
  RU lines: 6
----------------------------------------
MISMATCH at Anchor TR: #233 | RU: #270
  TR lines: 11
  RU lines: 1
----------------------------------------
MISMATCH at Anchor TR: #234 | RU: #271
  TR lines: 7
  RU lines: 3
----------------------------------------
MISMATCH at Anchor TR: #235 | RU: #272
  TR lines: 7
  RU lines: 6
----------------------------------------
MISMATCH at Anchor TR: #236 | RU: #273
  TR lines: 0
  RU lines: 4
----------------------------------------
MISMATCH at Anchor TR: &Yirmi Dördüncü Lem'a> | RU: #274
  TR lines: 0
  RU lines: 5
----------------------------------------
MISMATCH at Anchor TR: #237 | RU: #276
  TR lines: 6
  RU lines: 4
----------------------------------------
MISMATCH at Anchor TR: #238 | RU: #277
  TR lines: 9
  RU lines: 6
----------------------------------------
MISMATCH at Anchor TR: #240 | RU: #279
  TR lines: 5
  RU lines: 12
----------------------------------------
MISMATCH at Anchor TR: #241 | RU: #280
  TR lines: 7
  RU lines: 6
----------------------------------------
MISMATCH at Anchor TR: #242 | RU: #281
  TR lines: 6
  RU lines: 5
----------------------------------------
MISMATCH at Anchor TR: #243 | RU: #282
  TR lines: 6
  RU lines: 4
----------------------------------------
MISMATCH at Anchor TR: #244 | RU: #283
  TR lines: 5
  RU lines: 7
----------------------------------------
MISMATCH at Anchor TR: #245 | RU: #284
  TR lines: 5
  RU lines: 8
----------------------------------------
MISMATCH at Anchor TR: #246 | RU: #285
  TR lines: 9
  RU lines: 5
----------------------------------------
MISMATCH at Anchor TR: #247 | RU: #286
  TR lines: 0
  RU lines: 11
----------------------------------------
MISMATCH at Anchor TR: &Yirmi Beşinci Lem'a> | RU: #287
  TR lines: 7
  RU lines: 8
----------------------------------------
MISMATCH at Anchor TR: #248 | RU: #288
  TR lines: 10
  RU lines: 6
----------------------------------------
MISMATCH at Anchor TR: #249 | RU: #289
  TR lines: 9
  RU lines: 5
----------------------------------------
MISMATCH at Anchor TR: #250 | RU: #290
  TR lines: 5
  RU lines: 6
----------------------------------------
MISMATCH at Anchor TR: #251 | RU: #291
  TR lines: 8
  RU lines: 9
----------------------------------------
MISMATCH at Anchor TR: #253 | RU: #293
  TR lines: 8
  RU lines: 5
----------------------------------------
MISMATCH at Anchor TR: #254 | RU: #294
  TR lines: 13
  RU lines: 7
----------------------------------------
MISMATCH at Anchor TR: #255 | RU: #295
  TR lines: 10
  RU lines: 6
----------------------------------------
MISMATCH at Anchor TR: #256 | RU: #296
  TR lines: 10
  RU lines: 5
----------------------------------------
MISMATCH at Anchor TR: #257 | RU: #297
  TR lines: 7
  RU lines: 6
----------------------------------------
MISMATCH at Anchor TR: #258 | RU: #298
  TR lines: 8
  RU lines: 7
----------------------------------------
MISMATCH at Anchor TR: #259 | RU: #299
  TR lines: 12
  RU lines: 8
----------------------------------------
MISMATCH at Anchor TR: #260 | RU: #300
  TR lines: 9
  RU lines: 7
----------------------------------------
MISMATCH at Anchor TR: #261 | RU: #301
  TR lines: 8
  RU lines: 9
----------------------------------------
MISMATCH at Anchor TR: #262 | RU: #302
  TR lines: 9
  RU lines: 13
----------------------------------------
MISMATCH at Anchor TR: #263 | RU: #303
  TR lines: 7
  RU lines: 9
----------------------------------------
MISMATCH at Anchor TR: #264 | RU: #304
  TR lines: 7
  RU lines: 9
----------------------------------------
MISMATCH at Anchor TR: #266 | RU: #306
  TR lines: 7
  RU lines: 6
----------------------------------------
MISMATCH at Anchor TR: #267 | RU: #307
  TR lines: 10
  RU lines: 9
----------------------------------------
MISMATCH at Anchor TR: #268 | RU: #308
  TR lines: 14
  RU lines: 8
----------------------------------------
MISMATCH at Anchor TR: ∑YİRMİ BEŞİNCİ LEM'A'NIN ZEYLİ> | RU: #309
  TR lines: 2
  RU lines: 5
----------------------------------------
MISMATCH at Anchor TR: #269 | RU: #310
  TR lines: 0
  RU lines: 5
----------------------------------------
MISMATCH at Anchor TR: &Yirmi Altıncı Lem'a> | RU: #311
  TR lines: 0
  RU lines: 7
----------------------------------------
MISMATCH at Anchor TR: ∑İhtiyarlar Lem'ası> | RU: #312
  TR lines: 9
  RU lines: 6
----------------------------------------
MISMATCH at Anchor TR: #270 | RU: #313
  TR lines: 8
  RU lines: 7
----------------------------------------
MISMATCH at Anchor TR: #271 | RU: #314
  TR lines: 11
  RU lines: 7
----------------------------------------
MISMATCH at Anchor TR: #272 | RU: #315
  TR lines: 11
  RU lines: 6
----------------------------------------
MISMATCH at Anchor TR: #273 | RU: #316
  TR lines: 7
  RU lines: 8
----------------------------------------
MISMATCH at Anchor TR: #274 | RU: #317
  TR lines: 6
  RU lines: 10
----------------------------------------
MISMATCH at Anchor TR: #275 | RU: #318
  TR lines: 10
  RU lines: 11
----------------------------------------
MISMATCH at Anchor TR: #276 | RU: #319
  TR lines: 6
  RU lines: 11
----------------------------------------
MISMATCH at Anchor TR: #277 | RU: #320
  TR lines: 10
  RU lines: 8
----------------------------------------
MISMATCH at Anchor TR: #278 | RU: #321
  TR lines: 8
  RU lines: 10
----------------------------------------
MISMATCH at Anchor TR: #279 | RU: #322
  TR lines: 6
  RU lines: 5
----------------------------------------
MISMATCH at Anchor TR: #280 | RU: #323
  TR lines: 10
  RU lines: 6
----------------------------------------
MISMATCH at Anchor TR: #281 | RU: #324
  TR lines: 7
  RU lines: 8
----------------------------------------
MISMATCH at Anchor TR: #282 | RU: #325
  TR lines: 8
  RU lines: 9
----------------------------------------
MISMATCH at Anchor TR: #283 | RU: #326
  TR lines: 7
  RU lines: 6
----------------------------------------
MISMATCH at Anchor TR: #284 | RU: #327
  TR lines: 12
  RU lines: 10
----------------------------------------
MISMATCH at Anchor TR: #285 | RU: #328
  TR lines: 10
  RU lines: 7
----------------------------------------
MISMATCH at Anchor TR: #286 | RU: #329
  TR lines: 7
  RU lines: 8
----------------------------------------
MISMATCH at Anchor TR: #287 | RU: #330
  TR lines: 6
  RU lines: 8
----------------------------------------
MISMATCH at Anchor TR: #288 | RU: #331
  TR lines: 5
  RU lines: 3
----------------------------------------
MISMATCH at Anchor TR: #289 | RU: #332
  TR lines: 5
  RU lines: 11
----------------------------------------
MISMATCH at Anchor TR: #290 | RU: #333
  TR lines: 9
  RU lines: 6
----------------------------------------
MISMATCH at Anchor TR: #291 | RU: #334
  TR lines: 6
  RU lines: 9
----------------------------------------
MISMATCH at Anchor TR: #292 | RU: #335
  TR lines: 10
  RU lines: 9
----------------------------------------
MISMATCH at Anchor TR: #293 | RU: #336
  TR lines: 7
  RU lines: 12
----------------------------------------
MISMATCH at Anchor TR: #294 | RU: #337
  TR lines: 8
  RU lines: 9
----------------------------------------
MISMATCH at Anchor TR: #295 | RU: #338
  TR lines: 4
  RU lines: 9
----------------------------------------
MISMATCH at Anchor TR: #297 | RU: #340
  TR lines: 13
  RU lines: 9
----------------------------------------
MISMATCH at Anchor TR: #298 | RU: #341
  TR lines: 11
  RU lines: 5
----------------------------------------
MISMATCH at Anchor TR: #299 | RU: #342
  TR lines: 8
  RU lines: 3
----------------------------------------
MISMATCH at Anchor TR: #300 | RU: #343
  TR lines: 5
  RU lines: 7
----------------------------------------
MISMATCH at Anchor TR: #301 | RU: #344
  TR lines: 7
  RU lines: 10
----------------------------------------
MISMATCH at Anchor TR: #302 | RU: #345
  TR lines: 7
  RU lines: 11
----------------------------------------
MISMATCH at Anchor TR: #303 | RU: #346
  TR lines: 5
  RU lines: 9
----------------------------------------
MISMATCH at Anchor TR: #304 | RU: #347
  TR lines: 7
  RU lines: 17
----------------------------------------
MISMATCH at Anchor TR: #305 | RU: #348
  TR lines: 6
  RU lines: 7
----------------------------------------
MISMATCH at Anchor TR: #307 | RU: #350
  TR lines: 13
  RU lines: 18
----------------------------------------
MISMATCH at Anchor TR: #308 | RU: #351
  TR lines: 9
  RU lines: 8
----------------------------------------
MISMATCH at Anchor TR: #309 | RU: #352
  TR lines: 16
  RU lines: 14
----------------------------------------
MISMATCH at Anchor TR: #311 | RU: #354
  TR lines: 9
  RU lines: 10
----------------------------------------
MISMATCH at Anchor TR: #312 | RU: #355
  TR lines: 6
  RU lines: 8
----------------------------------------
MISMATCH at Anchor TR: #313 | RU: #356
  TR lines: 4
  RU lines: 34
----------------------------------------
MISMATCH at Anchor TR: #314 | RU: #357
  TR lines: 6
  RU lines: 31
----------------------------------------
MISMATCH at Anchor TR: #315 | RU: #358
  TR lines: 11
  RU lines: 4
----------------------------------------
MISMATCH at Anchor TR: #316 | RU: #359
  TR lines: 5
  RU lines: 11
----------------------------------------
MISMATCH at Anchor TR: #317 | RU: #360
  TR lines: 7
  RU lines: 6
----------------------------------------
MISMATCH at Anchor TR: #318 | RU: #361
  TR lines: 5
  RU lines: 7
----------------------------------------
MISMATCH at Anchor TR: #319 | RU: #362
  TR lines: 7
  RU lines: 11
----------------------------------------
MISMATCH at Anchor TR: #320 | RU: #363
  TR lines: 6
  RU lines: 5
----------------------------------------
MISMATCH at Anchor TR: #321 | RU: #364
  TR lines: 6
  RU lines: 7
----------------------------------------
MISMATCH at Anchor TR: #322 | RU: #365
  TR lines: 7
  RU lines: 6
----------------------------------------
MISMATCH at Anchor TR: #323 | RU: #366
  TR lines: 7
  RU lines: 4
----------------------------------------
MISMATCH at Anchor TR: #324 | RU: #367
  TR lines: 0
  RU lines: 10
----------------------------------------
MISMATCH at Anchor TR: ∑YİRMİ ALTINCI LEM'A'NIN ZEYLİ> | RU: #368
  TR lines: 2
  RU lines: 5
----------------------------------------
MISMATCH at Anchor TR: #325 | RU: #370
  TR lines: 0
  RU lines: 8
----------------------------------------
MISMATCH at Anchor TR: &Yirmi Sekizinci Lem'a> | RU: #371
  TR lines: 1
  RU lines: 5
----------------------------------------
MISMATCH at Anchor TR: #326 | RU: #373
  TR lines: 10
  RU lines: 4
----------------------------------------
MISMATCH at Anchor TR: #327 | RU: #374
  TR lines: 14
  RU lines: 8
----------------------------------------
MISMATCH at Anchor TR: #328 | RU: #375
  TR lines: 3
  RU lines: 5
----------------------------------------
MISMATCH at Anchor TR: &"Bu da güzeldir."> | RU: #376
  TR lines: 7
  RU lines: 3
----------------------------------------
MISMATCH at Anchor TR: #329 | RU: #377
  TR lines: 13
  RU lines: 9
----------------------------------------
MISMATCH at Anchor TR: #330 | RU: #378
  TR lines: 7
  RU lines: 3
----------------------------------------
MISMATCH at Anchor TR: #331 | RU: #379
  TR lines: 13
  RU lines: 367
----------------------------------------
MISMATCH at Anchor TR: #333 | RU: #381
  TR lines: 13
  RU lines: 4
----------------------------------------
MISMATCH at Anchor TR: #334 | RU: #382
  TR lines: 12
  RU lines: 7
----------------------------------------
MISMATCH at Anchor TR: #335 | RU: #383
  TR lines: 7
  RU lines: 6
----------------------------------------
MISMATCH at Anchor TR: #337 | RU: #385
  TR lines: 25
  RU lines: 6
----------------------------------------
MISMATCH at Anchor TR: #338 | RU: #386
  TR lines: 0
  RU lines: 6
----------------------------------------
MISMATCH at Anchor TR: ∑YİRMİ SEKİZİNCİ LEM'A'NIN YİRMİ SEKİZİNCİ NÜKTESİ> | RU: #387
  TR lines: 6
  RU lines: 8
----------------------------------------
MISMATCH at Anchor TR: #339 | RU: #388
  TR lines: 9
  RU lines: 3
----------------------------------------
MISMATCH at Anchor TR: #340 | RU: #389
  TR lines: 7
  RU lines: 3
----------------------------------------
MISMATCH at Anchor TR: #341 | RU: #390
  TR lines: 5
  RU lines: 6
----------------------------------------
MISMATCH at Anchor TR: #342 | RU: #391
  TR lines: 4
  RU lines: 2
----------------------------------------
MISMATCH at Anchor TR: #343 | RU: #392
  TR lines: 0
  RU lines: 7
----------------------------------------
MISMATCH at Anchor TR: &Yirmi Dokuzuncu Lem'a> | RU: #393
  TR lines: 8
  RU lines: 5
----------------------------------------
MISMATCH at Anchor TR: #344 | RU: #394
  TR lines: 9
  RU lines: 3
----------------------------------------
MISMATCH at Anchor TR: #345 | RU: #395
  TR lines: 2
  RU lines: 6
----------------------------------------
MISMATCH at Anchor TR: #346 | RU: #396
  TR lines: 3
  RU lines: 8
----------------------------------------
MISMATCH at Anchor TR: #347 | RU: #397
  TR lines: 12
  RU lines: 3
----------------------------------------
MISMATCH at Anchor TR: #349 | RU: #399
  TR lines: 3
  RU lines: 8
----------------------------------------
MISMATCH at Anchor TR: #350 | RU: #400
  TR lines: 3
  RU lines: 8
----------------------------------------
MISMATCH at Anchor TR: #351 | RU: #401
  TR lines: 9
  RU lines: 21
----------------------------------------
MISMATCH at Anchor TR: #352 | RU: #402
  TR lines: 6
  RU lines: 22
----------------------------------------
MISMATCH at Anchor TR: #353 | RU: #403
  TR lines: 1
  RU lines: 24
----------------------------------------
MISMATCH at Anchor TR: #354 | RU: #404
  TR lines: 4
  RU lines: 20
----------------------------------------
MISMATCH at Anchor TR: #355 | RU: #405
  TR lines: 5
  RU lines: 18
----------------------------------------
MISMATCH at Anchor TR: #356 | RU: #406
  TR lines: 2
  RU lines: 20
----------------------------------------
MISMATCH at Anchor TR: #357 | RU: #407
  TR lines: 4
  RU lines: 13
----------------------------------------
MISMATCH at Anchor TR: #358 | RU: #408
  TR lines: 1
  RU lines: 26
----------------------------------------
MISMATCH at Anchor TR: #359 | RU: #409
  TR lines: 5
  RU lines: 18
----------------------------------------
MISMATCH at Anchor TR: #360 | RU: #410
  TR lines: 2
  RU lines: 4
----------------------------------------
MISMATCH at Anchor TR: #361 | RU: #411
  TR lines: 8
  RU lines: 19
----------------------------------------
MISMATCH at Anchor TR: #362 | RU: #412
  TR lines: 5
  RU lines: 2
----------------------------------------
